On branch master
Your branch is ahead of 'origin/master' by 4 commits.
  (use "git push" to publish your local commits)

Changes to be committed:
  (use "git restore --staged <file>..." to unstage)
	modified:   app/screens/HomeScreen.tsx

Changes not staged for commit:
  (use "git add <file>..." to update what will be committed)
  (use "git restore <file>..." to discard changes in working directory)
	modified:   app/components/Header/index.tsx
	modified:   app/interfaces/index.ts
	modified:   app/screens/ThemeScreen.tsx
	modified:   app/themes/ThemeProvider.tsx
	modified:   app/themes/main/DarkTheme.ts
	modified:   app/themes/main/LightTheme.ts
	modified:   app/themes/main/index.ts
	modified:   logs/git.status.log
	modified:   logs/prettier.last.log

Untracked files:
  (use "git add <file>..." to include in what will be committed)
	app/themes/main/DarkBlue.tsx
	app/themes/main/DarkGreen.tsx
	app/themes/main/DarkYellow.tsx
	app/themes/main/LightBlue.tsx
	app/themes/main/LightGreen.tsx
	app/themes/main/LightPink.tsx
	app/themes/main/LightYellow.tsx

